{"type":"operationStart","subtype":"profile","data":{"_id":"PWU4lkOaWFZO5Coh","timestamp":"2023-11-07T16:08:51.675Z","state":"queued","mode":"standard","creationDate":"2023-11-07T16:08:51.676Z","modificationDate":"2023-11-07T16:08:51.676Z","shortid":"RO1BwR5","$entitySet":"profiles"},"doDiffs":false,"timestamp":1699373331675,"id":"m57wm8jnh8il07v","previousOperationId":null,"operationId":"swq0ftm8556uapq"}
{"type":"log","level":"info","message":"Render request 29 queued for execution and waiting for available worker","previousOperationId":"swq0ftm8556uapq","timestamp":1699373331675,"id":"nidfd91e7n77gnk"}
{"type":"operationStart","subtype":"render","name":"orders-header","previousOperationId":"swq0ftm8556uapq","timestamp":1699373331718,"id":"aublmwnvi7a55k4","previousEventId":"m57wm8jnh8il07v","operationId":"w1p4lotgxloo9ay"}
{"type":"log","timestamp":1699373331718,"level":"info","message":"Starting rendering request 29","meta":{"rootId":"751iafdo9v451wg","id":"751iafdo9v451wg"},"id":"3weevq94z8v35mh","previousOperationId":"w1p4lotgxloo9ay"}
{"type":"log","timestamp":1699373331718,"level":"info","message":"Rendering template { name: orders-header, recipe: chrome-pdf, engine: handlebars, preview: true }","meta":{"rootId":"751iafdo9v451wg","id":"751iafdo9v451wg"},"id":"frm59vzem3dkxba","previousOperationId":"w1p4lotgxloo9ay"}
{"type":"log","timestamp":1699373331719,"level":"debug","message":"Data item not defined for this template.","meta":{"rootId":"751iafdo9v451wg","id":"751iafdo9v451wg"},"id":"l86jg6qfxk1xm0z","previousOperationId":"w1p4lotgxloo9ay"}
{"type":"log","timestamp":1699373331722,"level":"debug","message":"Base url not specified, skipping its injection.","meta":{"rootId":"751iafdo9v451wg","id":"751iafdo9v451wg"},"id":"1y219vzk8yjy5pn","previousOperationId":"w1p4lotgxloo9ay"}
{"type":"operationStart","subtype":"engine","name":"handlebars","timestamp":1699373331722,"id":"nzspis0z8fupv34","previousEventId":"aublmwnvi7a55k4","operationId":"7efkbsn1f6cewx4","previousOperationId":"w1p4lotgxloo9ay"}
{"type":"log","timestamp":1699373331722,"level":"debug","message":"Rendering engine handlebars","meta":{"rootId":"751iafdo9v451wg","id":"751iafdo9v451wg"},"id":"22ho7s2l9y8c8k6","previousOperationId":"7efkbsn1f6cewx4"}
{"type":"operationEnd","operationId":"7efkbsn1f6cewx4","timestamp":1699373331932,"id":"g68mimfwga5ow5s","previousEventId":"nzspis0z8fupv34","previousOperationId":"7efkbsn1f6cewx4"}
{"type":"operationStart","subtype":"recipe","name":"chrome-pdf","timestamp":1699373331933,"id":"y04rr10rgmyv1ih","previousEventId":"g68mimfwga5ow5s","operationId":"ia2jruzvf745qj9","previousOperationId":"7efkbsn1f6cewx4"}
{"type":"log","timestamp":1699373331933,"level":"debug","message":"Executing recipe chrome-pdf","meta":{"rootId":"751iafdo9v451wg","id":"751iafdo9v451wg"},"id":"yd8jwt6ieeswy8h","previousOperationId":"ia2jruzvf745qj9"}
{"type":"log","timestamp":1699373332050,"level":"debug","message":"Converting with chrome HeadlessChrome/117.0.5938.62 using chrome-pool strategy","meta":{"rootId":"751iafdo9v451wg","id":"751iafdo9v451wg"},"id":"qkb7jk2edgy4ns0","previousOperationId":"ia2jruzvf745qj9"}
{"type":"log","timestamp":1699373332140,"level":"debug","message":"Page request: GET (document) file:///tmp/jsreport/autocleanup/544f05e7-cc86-414f-975d-7dec470fed4a-chrome-pdf.html","meta":{"rootId":"751iafdo9v451wg","id":"751iafdo9v451wg"},"id":"eb4y8yuvd1a153t","previousOperationId":"ia2jruzvf745qj9"}
{"type":"log","timestamp":1699373332149,"level":"debug","message":"Page request: GET (stylesheet) https://cdnjs.cloudflare.com/ajax/libs/metro/4.1.5/css/metro.min.css","meta":{"rootId":"751iafdo9v451wg","id":"751iafdo9v451wg"},"id":"nelmgllgxwqzx2m","previousOperationId":"ia2jruzvf745qj9"}
{"type":"log","timestamp":1699373332149,"level":"debug","message":"Page request finished: GET (document) 200 file:///tmp/jsreport/autocleanup/544f05e7-cc86-414f-975d-7dec470fed4a-chrome-pdf.html","meta":{"rootId":"751iafdo9v451wg","id":"751iafdo9v451wg"},"id":"unb3n3rv5ggbrkp","previousOperationId":"ia2jruzvf745qj9"}
{"type":"log","timestamp":1699373332471,"level":"debug","message":"Page request finished: GET (stylesheet) 200 https://cdnjs.cloudflare.com/ajax/libs/metro/4.1.5/css/metro.min.css","meta":{"rootId":"751iafdo9v451wg","id":"751iafdo9v451wg"},"id":"zbeycw9sxpm0mdb","previousOperationId":"ia2jruzvf745qj9"}
{"type":"log","timestamp":1699373332474,"level":"debug","message":"Running chrome with params {\"printBackground\":true,\"marginTop\":\"1.5cm\",\"marginRight\":\"1.5cm\",\"marginLeft\":\"1.cm\",\"timeout\":59739,\"margin\":{\"top\":\"1.5cm\",\"right\":\"1.5cm\",\"left\":\"1.cm\"}}","meta":{"rootId":"751iafdo9v451wg","id":"751iafdo9v451wg"},"id":"xvttc8fnpf6cwv2","previousOperationId":"ia2jruzvf745qj9"}
{"type":"operationEnd","operationId":"ia2jruzvf745qj9","timestamp":1699373332490,"id":"pdr201qoy8vqg3x","previousEventId":"y04rr10rgmyv1ih","previousOperationId":"ia2jruzvf745qj9"}
{"type":"log","timestamp":1699373332490,"level":"debug","message":"Skipping storing report.","meta":{"rootId":"751iafdo9v451wg","id":"751iafdo9v451wg"},"id":"mbaa5m5s6hhar5s","previousOperationId":"ia2jruzvf745qj9"}
{"type":"log","timestamp":1699373332490,"level":"info","message":"Rendering request 29 finished in 815 ms","meta":{"rootId":"751iafdo9v451wg","id":"751iafdo9v451wg"},"id":"t4juw0t87im8o5u","previousOperationId":"ia2jruzvf745qj9"}
{"type":"operationEnd","subtype":"render","operationId":"w1p4lotgxloo9ay","timestamp":1699373332490,"id":"z0bx11xu79j2zfr","previousEventId":"pdr201qoy8vqg3x","previousOperationId":"ia2jruzvf745qj9"}
{"type":"operationEnd","doDiffs":false,"previousEventId":"m57wm8jnh8il07v","previousOperationId":"swq0ftm8556uapq","operationId":"swq0ftm8556uapq","timestamp":1699373332494,"id":"ujvkfztx2cl03bt"}
